[01:59:13.720][INFO][CraftTweaker-EarlyInit]: CraftTweaker is running on a Minecraft 1.20.1 production server modded with platform Forge
[01:59:13.764][INFO][CraftTweaker-EarlyInit]: Successfully injected RecipeFS file system
[01:59:13.899][INFO][CraftTweaker-Plugins]: Successfully identified and loaded plugin crafttweaker:builtin
[01:59:13.902][INFO][CraftTweaker-Plugins]: Successfully identified and loaded plugin crafttweaker:builtin_forge
[01:59:13.910][INFO][CraftTweaker-Plugins]: Successfully identified and loaded plugin createtweaker:main
[01:59:13.913][INFO][CraftTweaker-Plugins]: Successfully identified and loaded plugin farmersdelight:crafttweaker_plugin
[01:59:13.923][INFO][CraftTweaker-Plugins]: Successfully identified and loaded plugin refurbished_furniture:plugin
[01:59:14.982][INFO][CraftTweaker]: The following mods have explicit CraftTweaker support through the default plugin:
[01:59:14.983][INFO][CraftTweaker]: - 'crafttweaker' at version '14.0.48'
[01:59:14.983][INFO][CraftTweaker]: - 'createtweaker' at version '4.0.13'
[01:59:14.983][INFO][CraftTweaker]: - 'farmersdelight' at version '1.20.1-1.2.6'
[01:59:14.983][INFO][CraftTweaker]: - 'refurbished_furniture' at version '1.0.8'
[01:59:27.638][INFO][CraftTweaker-ZenCode]: Started loading scripts for loader 'initialize'
[01:59:28.700][INFO][CraftTweaker-ZenCode]: Compiling and executing scripts
[01:59:28.765][INFO][CraftTweaker-ZenCode]: Successfully initialized modules [crafttweaker, expansions]
[01:59:28.945][INFO][CraftTweaker-ZenCode]: Execution for loader 'initialize' completed successfully
[01:59:43.309][INFO][CraftTweaker-ZenCode]: Started loading scripts for loader 'tags'
[01:59:43.336][INFO][CraftTweaker-ZenCode]: Compiling and executing scripts
[01:59:43.358][INFO][CraftTweaker-ZenCode]: Successfully initialized modules [crafttweaker, expansions]
[01:59:43.371][INFO][CraftTweaker-ZenCode]: Execution for loader 'tags' completed successfully
[01:59:44.163][INFO][CraftTweaker]: crafttweaker.reload.start
[01:59:44.167][INFO][CraftTweaker-ZenCode]: Started loading scripts for loader 'crafttweaker'
[01:59:44.200][INFO][CraftTweaker-ZenCode]: Compiling and executing scripts
[01:59:44.588][INFO][CraftTweaker-ZenCode]: Successfully initialized modules [mods, crafttweaker, expansions]
[01:59:44.603][INFO][CraftTweaker-ZenCode]: Execution for loader 'crafttweaker' completed successfully
[01:59:44.604][INFO][CraftTweaker]: crafttweaker.reload.complete
